d:\homework\programmer\subway\subway_v2.2\subway\subway\x64\debug\arrow.obj
d:\homework\programmer\subway\subway_v2.2\subway\subway\x64\debug\mapelement.obj
d:\homework\programmer\subway\subway_v2.2\subway\subway\x64\debug\moc_address.obj
d:\homework\programmer\subway\subway_v2.2\subway\subway\x64\debug\moc_mapelement.obj
d:\homework\programmer\subway\subway_v2.2\subway\subway\x64\debug\background.obj
d:\homework\programmer\subway\subway_v2.2\subway\subway\x64\debug\main.obj
d:\homework\programmer\subway\subway_v2.2\subway\subway\x64\debug\moc_arrow.obj
d:\homework\programmer\subway\subway_v2.2\subway\subway\x64\debug\qrc_subway.obj
d:\homework\programmer\subway\subway_v2.2\subway\subway\x64\debug\elepoint.obj
d:\homework\programmer\subway\subway_v2.2\subway\subway\x64\debug\read.obj
d:\homework\programmer\subway\subway_v2.2\subway\subway\x64\debug\moc_subway.obj
d:\homework\programmer\subway\subway_v2.2\subway\subway\x64\debug\moc_elepoint.obj
d:\homework\programmer\subway\subway_v2.2\subway\subway\x64\debug\address.obj
d:\homework\programmer\subway\subway_v2.2\subway\subway\x64\debug\subway.obj
d:\homework\programmer\subway\subway_v2.2\subway\subway\x64\debug\moc_background.obj
d:\homework\programmer\subway\subway_v2.2\subway\subway\x64\debug\vc141.pdb
d:\homework\programmer\subway\subway_v2.2\subway\x64\debug\subway.exe
d:\homework\programmer\subway\subway_v2.2\subway\x64\debug\subway.ilk
d:\homework\programmer\subway\subway_v2.2\subway\x64\debug\subway.pdb
d:\homework\programmer\subway\subway_v2.2\subway\subway\x64\debug\subway.tlog\cl.command.1.tlog
d:\homework\programmer\subway\subway_v2.2\subway\subway\x64\debug\subway.tlog\cl.read.1.tlog
d:\homework\programmer\subway\subway_v2.2\subway\subway\x64\debug\subway.tlog\cl.write.1.tlog
d:\homework\programmer\subway\subway_v2.2\subway\subway\x64\debug\subway.tlog\link.command.1.tlog
d:\homework\programmer\subway\subway_v2.2\subway\subway\x64\debug\subway.tlog\link.read.1.tlog
d:\homework\programmer\subway\subway_v2.2\subway\subway\x64\debug\subway.tlog\link.write.1.tlog
